<?xml version="1.0" encoding="utf-8"?><testsuites name="pytest tests"><testsuite name="pytest" errors="0" failures="0" skipped="0" tests="44" time="11.273" timestamp="2026-04-25T11:16:11.811241+00:00" hostname="agent-env-3c2cdcc5-11a8-435b-b861-bbabb1e6adca"><testcase classname="backend.tests.backend_test.TestHealth" name="test_root" time="0.281" /><testcase classname="backend.tests.backend_test.TestAuth" name="test_login_admin" time="0.370" /><testcase classname="backend.tests.backend_test.TestAuth" name="test_login_customer" time="0.365" /><testcase classname="backend.tests.backend_test.TestAuth" name="test_login_invalid" time="0.103" /><testcase classname="backend.tests.backend_test.TestAuth" name="test_register_and_me" time="0.770" /><testcase classname="backend.tests.backend_test.TestAuth" name="test_me_unauthenticated" time="0.098" /><testcase classname="backend.tests.backend_test.TestAuth" name="test_register_duplicate" time="0.103" /><testcase classname="backend.tests.backend_test.TestProducts" name="test_list_products" time="0.112" /><testcase classname="backend.tests.backend_test.TestProducts" name="test_filter_by_category" time="0.137" /><testcase classname="backend.tests.backend_test.TestProducts" name="test_get_product_silk_experience" time="0.260" /><testcase classname="backend.tests.backend_test.TestProducts" name="test_get_product_silk_experience_explicit" time="0.097" /><testcase classname="backend.tests.backend_test.TestProducts" name="test_product_404" time="0.109" /><testcase classname="backend.tests.backend_test.TestCoupons" name="test_validate_welcome10" time="0.114" /><testcase classname="backend.tests.backend_test.TestCoupons" name="test_validate_min_order" time="0.142" /><testcase classname="backend.tests.backend_test.TestCoupons" name="test_validate_invalid" time="0.108" /><testcase classname="backend.tests.backend_test.TestCustomNutButter" name="test_price_calc" time="0.107" /><testcase classname="backend.tests.backend_test.TestCustomNutButter" name="test_price_1kg" time="0.108" /><testcase classname="backend.tests.backend_test.TestCustomNutButter" name="test_create_requires_auth" time="0.094" /><testcase classname="backend.tests.backend_test.TestCustomNutButter" name="test_create_authenticated" time="0.402" /><testcase classname="backend.tests.backend_test.TestOrders" name="test_create_order_and_persist" time="0.816" /><testcase classname="backend.tests.backend_test.TestOrders" name="test_orders_admin_only" time="0.434" /><testcase classname="backend.tests.backend_test.TestOrders" name="test_orders_unauthenticated" time="0.117" /><testcase classname="backend.tests.backend_test.TestForms" name="test_create_booking" time="0.099" /><testcase classname="backend.tests.backend_test.TestForms" name="test_create_gifting" time="0.122" /><testcase classname="backend.tests.backend_test.TestForms" name="test_create_contact" time="0.101" /><testcase classname="backend.tests.backend_test.TestContent" name="test_blog_list" time="0.154" /><testcase classname="backend.tests.backend_test.TestContent" name="test_blog_get_first" time="0.203" /><testcase classname="backend.tests.backend_test.TestContent" name="test_banners" time="0.099" /><testcase classname="backend.tests.backend_test.TestReviews" name="test_create_review" time="0.564" /><testcase classname="backend.tests.backend_test.TestReviews" name="test_review_requires_auth" time="0.100" /><testcase classname="backend.tests.backend_test.TestAdmin" name="test_analytics" time="0.059" /><testcase classname="backend.tests.backend_test.TestAdmin" name="test_analytics_forbidden_for_customer" time="0.054" /><testcase classname="backend.tests.backend_test.TestAdmin" name="test_product_crud" time="0.264" /><testcase classname="backend.tests.backend_test.TestAdmin" name="test_product_create_forbidden_for_customer" time="0.052" /><testcase classname="backend.tests.backend_test.TestAdmin" name="test_coupon_create_admin" time="0.144" /><testcase classname="backend.tests.backend_test.TestProductSearch" name="test_search_mamra" time="0.101" /><testcase classname="backend.tests.backend_test.TestProductSearch" name="test_search_iran_origin" time="0.132" /><testcase classname="backend.tests.backend_test.TestProductSearch" name="test_search_no_match" time="0.107" /><testcase classname="backend.tests.backend_test.TestPasswordReset" name="test_forgot_existing_email" time="0.111" /><testcase classname="backend.tests.backend_test.TestPasswordReset" name="test_forgot_unknown_email_returns_200" time="0.098" /><testcase classname="backend.tests.backend_test.TestPasswordReset" name="test_reset_invalid_token" time="0.105" /><testcase classname="backend.tests.backend_test.TestPasswordReset" name="test_reset_full_flow_and_token_reuse_blocked" time="1.910" /><testcase classname="backend.tests.backend_test.TestMailerNoop" name="test_booking_logs_mailer_noop" time="0.504" /><testcase classname="backend.tests.backend_test.TestMailerNoop" name="test_order_status_update_logs_mailer_noop" time="0.678" /></testsuite></testsuites>